<?xml version="1.0" encoding="UTF-8"?>
<!-- Generated by org.testng.reporters.JUnitReportReporter -->
<testsuite skipped="0" hostname="Azamats-MacBook-Pro.local" name="com.app.runners.CukesRunner" tests="2" failures="0" timestamp="10 Apr 2018 00:03:20 GMT" time="14.126" errors="0">
  <testcase name="runScenario" time="8.321" classname="com.app.runners.CukesRunner"/>
  <testcase name="runScenario" time="5.805" classname="com.app.runners.CukesRunner"/>
</testsuite> <!-- com.app.runners.CukesRunner -->
